

Microchip Technology PIC18 LITE Macro Assembler V1.33 build 59893 
                                                                                               Mon Sep 29 12:26:24 2014

Microchip Technology Omniscient Code Generator (Lite mode) build 59893
     1                           	processor	18F4520
     2                           	fnconf	rparam,??,?,0
     3                           	opt	pw 120
     4                           	opt	lm
     5                           	psect	text0,global,reloc=2,class=CODE,delta=1
     6                           	psect	cinit,global,reloc=2,class=CODE,delta=1
     7                           	psect	cstackCOMRAM,global,class=COMRAM,space=1,delta=1
     8                           	psect	text1,global,reloc=2,class=CODE,delta=1
     9                           	psect	text2,global,reloc=2,class=CODE,delta=1
    10                           	psect	text3,global,reloc=2,class=CODE,delta=1
    11                           	psect	text4,global,reloc=2,class=CODE,delta=1
    12                           	psect	intsave_regs,global,class=BIGRAM,space=1,delta=1
    13                           	psect	rparam,global,class=COMRAM,space=1,delta=1
    14  0000                     _PORTCbits	set	3970
    15  0000                     _TRISCbits	set	3988
    16                           
    17                           ; 0 bytes @ 0x9
    18 ;;
    19 ;;Main: autosize = 0, tempsize = 0, incstack = 0, save=0
    20 ;;
    21 ;; *************** function _main *****************
    22 ;; Defined at:
    23 ;;		line 35 in file "../src/PIC18/Blinky.c"
    24 ;; Parameters:    Size  Location     Type
    25 ;;  argc            2    4[COMRAM] int 
    26 ;;  argv            3    6[COMRAM] PTR PTR unsigned char 
    27 ;; Auto vars:     Size  Location     Type
    28 ;;		None
    29 ;; Return value:  Size  Location     Type
    30 ;;                  2    4[COMRAM] int 
    31 ;; Registers used:
    32 ;;		wreg, status,2, status,0, cstack
    33 ;; Tracked objects:
    34 ;;		On entry : 0/0
    35 ;;		On exit  : 0/0
    36 ;;		Unchanged: 0/0
    37 ;; Data sizes:     COMRAM   BANK0   BANK1   BANK2   BANK3   BANK4   BANK5
    38 ;;      Params:         5       0       0       0       0       0       0
    39 ;;      Locals:         0       0       0       0       0       0       0
    40 ;;      Temps:          0       0       0       0       0       0       0
    41 ;;      Totals:         5       0       0       0       0       0       0
    42 ;;Total ram usage:        5 bytes
    43 ;; Hardware stack levels required when called:    1
    44 ;; This function calls:
    45 ;;		_configureLED
    46 ;;		_resetLED
    47 ;;		_setLED
    48 ;;		_shortDelay
    49 ;; This function is called by:
    50 ;;		Startup code after reset
    51 ;; This function uses a non-reentrant model
    52 ;;
    53                           
    54                           	psect	text0
    55  007FB6                     __ptext0:
    56                           	opt stack 0
    57  007FB6                     _main:
    58                           	opt stack 30
    59                           
    60                           ;Blinky.c: 36: configureLED();
    61                           
    62                           ;incstack = 0
    63  007FB6  ECD2  F03F         	call	_configureLED	;wreg free
    64  007FBA                     l21:
    65                           
    66                           ;Blinky.c: 38: setLED();
    67  007FBA  ECD6  F03F         	call	_setLED	;wreg free
    68                           
    69                           ;Blinky.c: 39: shortDelay();
    70  007FBE  ECE6  F03F         	call	_shortDelay	;wreg free
    71                           
    72                           ;Blinky.c: 40: resetLED();
    73  007FC2  ECD4  F03F         	call	_resetLED	;wreg free
    74                           
    75                           ;Blinky.c: 41: shortDelay();
    76  007FC6  ECE6  F03F         	call	_shortDelay	;wreg free
    77  007FCA  D7F7               	goto	l21
    78  007FCC                     __end_of_main:
    79                           	opt stack 0
    80                           
    81                           	psect	cinit
    82  007FB0                     __pcinit:
    83                           	opt stack 0
    84  007FB0                     start_initialization:
    85                           	opt stack 0
    86  007FB0                     __initialization:
    87                           	opt stack 0
    88  007FB0                     end_of_initialization:
    89                           	opt stack 0
    90  007FB0                     __end_of__initialization:
    91                           	opt stack 0
    92  007FB0  0100               	movlb	0
    93  007FB2  EFDB  F03F         	goto	_main	;jump to C main() function
    94                           
    95                           	psect	cstackCOMRAM
    96  000001                     __pcstackCOMRAM:
    97                           	opt stack 0
    98  000001                     shortDelay@i:
    99                           	opt stack 0
   100                           
   101                           ; 4 bytes @ 0x0
   102  000001                     	ds	4
   103  000005                     
   104                           ; 2 bytes @ 0x4
   105  000005                     	ds	2
   106  000007                     
   107                           ; 3 bytes @ 0x6
   108  000007                     	ds	3
   109  00000A                     
   110 ;; *************** function _shortDelay *****************
   111 ;; Defined at:
   112 ;;		line 14 in file "../src/PIC18/Blinky.c"
   113 ;; Parameters:    Size  Location     Type
   114 ;;		None
   115 ;; Auto vars:     Size  Location     Type
   116 ;;  i               4    0[COMRAM] unsigned long 
   117 ;; Return value:  Size  Location     Type
   118 ;;		None               void
   119 ;; Registers used:
   120 ;;		wreg, status,2, status,0
   121 ;; Tracked objects:
   122 ;;		On entry : 0/0
   123 ;;		On exit  : 0/0
   124 ;;		Unchanged: 0/0
   125 ;; Data sizes:     COMRAM   BANK0   BANK1   BANK2   BANK3   BANK4   BANK5
   126 ;;      Params:         0       0       0       0       0       0       0
   127 ;;      Locals:         4       0       0       0       0       0       0
   128 ;;      Temps:          0       0       0       0       0       0       0
   129 ;;      Totals:         4       0       0       0       0       0       0
   130 ;;Total ram usage:        4 bytes
   131 ;; Hardware stack levels used:    1
   132 ;; This function calls:
   133 ;;		Nothing
   134 ;; This function is called by:
   135 ;;		_main
   136 ;; This function uses a non-reentrant model
   137 ;;
   138                           
   139                           	psect	text1
   140  007FCC                     __ptext1:
   141                           	opt stack 0
   142  007FCC                     _shortDelay:
   143                           	opt stack 30
   144                           
   145                           ;Blinky.c: 15: unsigned long i;
   146                           ;Blinky.c: 16: for(i = 0; i < 5000; i++);
   147                           
   148                           ;incstack = 0
   149  007FCC  0E00               	movlw	0
   150  007FCE  6E01               	movwf	shortDelay@i,c
   151  007FD0  0E00               	movlw	0
   152  007FD2  6E02               	movwf	shortDelay@i+1,c
   153  007FD4  0E00               	movlw	0
   154  007FD6  6E03               	movwf	shortDelay@i+2,c
   155  007FD8  0E00               	movlw	0
   156  007FDA  6E04               	movwf	shortDelay@i+3,c
   157  007FDC  0E88               	movlw	136
   158  007FDE  5C01               	subwf	shortDelay@i,w,c
   159  007FE0  0E13               	movlw	19
   160  007FE2  5802               	subwfb	shortDelay@i+1,w,c
   161  007FE4  0E00               	movlw	0
   162  007FE6  5803               	subwfb	shortDelay@i+2,w,c
   163  007FE8  0E00               	movlw	0
   164  007FEA  5804               	subwfb	shortDelay@i+3,w,c
   165  007FEC  B0D8               	btfsc	status,0,c
   166  007FEE  D007               	goto	l9
   167  007FF0  0E01               	movlw	1
   168  007FF2  2601               	addwf	shortDelay@i,f,c
   169  007FF4  0E00               	movlw	0
   170  007FF6  2202               	addwfc	shortDelay@i+1,f,c
   171  007FF8  2203               	addwfc	shortDelay@i+2,f,c
   172  007FFA  2204               	addwfc	shortDelay@i+3,f,c
   173  007FFC  D7EF               	goto	L1
   174  007FFE                     l9:
   175  007FFE  0012               	return	
   176  008000                     __end_of_shortDelay:
   177                           	opt stack 0
   178                           status	equ	0xFD8
   179                           
   180 ;; *************** function _setLED *****************
   181 ;; Defined at:
   182 ;;		line 23 in file "../src/PIC18/Blinky.c"
   183 ;; Parameters:    Size  Location     Type
   184 ;;		None
   185 ;; Auto vars:     Size  Location     Type
   186 ;;		None
   187 ;; Return value:  Size  Location     Type
   188 ;;		None               void
   189 ;; Registers used:
   190 ;;		None
   191 ;; Tracked objects:
   192 ;;		On entry : 0/0
   193 ;;		On exit  : 0/0
   194 ;;		Unchanged: 0/0
   195 ;; Data sizes:     COMRAM   BANK0   BANK1   BANK2   BANK3   BANK4   BANK5
   196 ;;      Params:         0       0       0       0       0       0       0
   197 ;;      Locals:         0       0       0       0       0       0       0
   198 ;;      Temps:          0       0       0       0       0       0       0
   199 ;;      Totals:         0       0       0       0       0       0       0
   200 ;;Total ram usage:        0 bytes
   201 ;; Hardware stack levels used:    1
   202 ;; This function calls:
   203 ;;		Nothing
   204 ;; This function is called by:
   205 ;;		_main
   206 ;; This function uses a non-reentrant model
   207 ;;
   208                           
   209                           	psect	text2
   210  007FAC                     __ptext2:
   211                           	opt stack 0
   212  007FAC                     _setLED:
   213                           	opt stack 30
   214                           
   215                           ;Blinky.c: 24: PORTCbits.RC0 = 1;
   216                           
   217                           ;incstack = 0
   218  007FAC  8082               	bsf	3970,0,c	;volatile
   219  007FAE  0012               	return	
   220  007FB0                     __end_of_setLED:
   221                           	opt stack 0
   222                           status	equ	0xFD8
   223                           
   224 ;; *************** function _resetLED *****************
   225 ;; Defined at:
   226 ;;		line 27 in file "../src/PIC18/Blinky.c"
   227 ;; Parameters:    Size  Location     Type
   228 ;;		None
   229 ;; Auto vars:     Size  Location     Type
   230 ;;		None
   231 ;; Return value:  Size  Location     Type
   232 ;;		None               void
   233 ;; Registers used:
   234 ;;		None
   235 ;; Tracked objects:
   236 ;;		On entry : 0/0
   237 ;;		On exit  : 0/0
   238 ;;		Unchanged: 0/0
   239 ;; Data sizes:     COMRAM   BANK0   BANK1   BANK2   BANK3   BANK4   BANK5
   240 ;;      Params:         0       0       0       0       0       0       0
   241 ;;      Locals:         0       0       0       0       0       0       0
   242 ;;      Temps:          0       0       0       0       0       0       0
   243 ;;      Totals:         0       0       0       0       0       0       0
   244 ;;Total ram usage:        0 bytes
   245 ;; Hardware stack levels used:    1
   246 ;; This function calls:
   247 ;;		Nothing
   248 ;; This function is called by:
   249 ;;		_main
   250 ;; This function uses a non-reentrant model
   251 ;;
   252                           
   253                           	psect	text3
   254  007FA8                     __ptext3:
   255                           	opt stack 0
   256  007FA8                     _resetLED:
   257                           	opt stack 30
   258                           
   259                           ;Blinky.c: 28: PORTCbits.RC0 = 0;
   260                           
   261                           ;incstack = 0
   262  007FA8  9082               	bcf	3970,0,c	;volatile
   263  007FAA  0012               	return	
   264  007FAC                     __end_of_resetLED:
   265                           	opt stack 0
   266                           status	equ	0xFD8
   267                           
   268 ;; *************** function _configureLED *****************
   269 ;; Defined at:
   270 ;;		line 19 in file "../src/PIC18/Blinky.c"
   271 ;; Parameters:    Size  Location     Type
   272 ;;		None
   273 ;; Auto vars:     Size  Location     Type
   274 ;;		None
   275 ;; Return value:  Size  Location     Type
   276 ;;		None               void
   277 ;; Registers used:
   278 ;;		None
   279 ;; Tracked objects:
   280 ;;		On entry : 0/0
   281 ;;		On exit  : 0/0
   282 ;;		Unchanged: 0/0
   283 ;; Data sizes:     COMRAM   BANK0   BANK1   BANK2   BANK3   BANK4   BANK5
   284 ;;      Params:         0       0       0       0       0       0       0
   285 ;;      Locals:         0       0       0       0       0       0       0
   286 ;;      Temps:          0       0       0       0       0       0       0
   287 ;;      Totals:         0       0       0       0       0       0       0
   288 ;;Total ram usage:        0 bytes
   289 ;; Hardware stack levels used:    1
   290 ;; This function calls:
   291 ;;		Nothing
   292 ;; This function is called by:
   293 ;;		_main
   294 ;; This function uses a non-reentrant model
   295 ;;
   296                           
   297                           	psect	text4
   298  007FA4                     __ptext4:
   299                           	opt stack 0
   300  007FA4                     _configureLED:
   301                           	opt stack 30
   302                           
   303                           ;Blinky.c: 20: TRISCbits.TRISC0 = 0;
   304                           
   305                           ;incstack = 0
   306  007FA4  9094               	bcf	3988,0,c	;volatile
   307  007FA6  0012               	return	
   308  007FA8                     __end_of_configureLED:
   309                           	opt stack 0
   310  0000                     status	equ	0xFD8
   311                           status	equ	0xFD8
   312                           
   313                           	psect	rparam
   314  0000                     status	equ	0xFD8


Data Sizes:
    Strings     0
    Constant    0
    Data        0
    BSS         0
    Persistent  0
    Stack       0

Auto Spaces:
    Space          Size  Autos    Used
    COMRAM          127      9       9
    BANK0           128      0       0
    BANK1           256      0       0
    BANK2           256      0       0
    BANK3           256      0       0
    BANK4           256      0       0
    BANK5           256      0       0

Pointer List with Targets:

    None.

Critical Paths under _main in COMRAM

    _main->_shortDelay

Critical Paths under _main in BANK0

    None.

Critical Paths under _main in BANK1

    None.

Critical Paths under _main in BANK2

    None.

Critical Paths under _main in BANK3

    None.

Critical Paths under _main in BANK4

    None.

Critical Paths under _main in BANK5

    None.

Call Graph Tables:

 ---------------------------------------------------------------------------------
 (Depth) Function   	        Calls       Base Space   Used Autos Params    Refs
 ---------------------------------------------------------------------------------
 (0) _main                                                 5     0      5      30
                                              4 COMRAM     5     0      5
                       _configureLED
                           _resetLED
                             _setLED
                         _shortDelay
 ---------------------------------------------------------------------------------
 (1) _shortDelay                                           4     4      0      30
                                              0 COMRAM     4     4      0
 ---------------------------------------------------------------------------------
 (1) _setLED                                               0     0      0       0
 ---------------------------------------------------------------------------------
 (1) _resetLED                                             0     0      0       0
 ---------------------------------------------------------------------------------
 (1) _configureLED                                         0     0      0       0
 ---------------------------------------------------------------------------------
 Estimated maximum stack depth 1
 ---------------------------------------------------------------------------------

 Call Graph Graphs:

 _main (ROOT)
   _configureLED
   _resetLED
   _setLED
   _shortDelay

 Address spaces:
Name               Size   Autos  Total    Cost      Usage
BITCOMRAM           7F      0       0       0        0.0%
EEDATA             100      0       0       0        0.0%
NULL                 0      0       0       0        0.0%
CODE                 0      0       0       0        0.0%
COMRAM              7F      9       9       1        7.1%
STACK                0      0       0       2        0.0%
DATA                 0      0       0       3        0.0%
BITBANK0            80      0       0       4        0.0%
BANK0               80      0       0       5        0.0%
BITBANK1           100      0       0       6        0.0%
BANK1              100      0       0       7        0.0%
BITBANK2           100      0       0       8        0.0%
BANK2              100      0       0       9        0.0%
BITBANK3           100      0       0      10        0.0%
BANK3              100      0       0      11        0.0%
BITBANK4           100      0       0      12        0.0%
BANK4              100      0       0      13        0.0%
BANK5              100      0       0      14        0.0%
ABS                  0      0       0      15        0.0%
BITBANK5           100      0       0      16        0.0%
BIGRAM             5FF      0       0      17        0.0%
BITSFR               0      0       0      40        0.0%
SFR                  0      0       0      40        0.0%


Microchip Technology PIC18 Macro Assembler V1.33 build 59893 
Symbol Table                                                                                   Mon Sep 29 12:26:24 2014

          ?_configureLED 0001                        l9 7FFE                       l21 7FBA  
           __CFG_LVP$OFF 000000             __CFG_WDT$OFF 000000            __CFG_DEBUG$ON 000000  
           __CFG_PWRT$ON 000000                     _main 7FB6                     start 0000  
         ??_configureLED 0001                    ?_main 0005                    status 000FD8  
        __initialization 7FB0             __end_of_main 7FCC                   ??_main 000A  
          __activetblptr 000000                   _setLED 7FAC         __end_of_resetLED 7FAC  
   __end_of_configureLED 7FA8               __accesstop 0080  __end_of__initialization 7FB0  
         __pcstackCOMRAM 0001                  ?_setLED 0001                  __Hparam 0000  
              ?_resetLED 0001                  __Lparam 0000                  __pcinit 7FB0  
        __size_of_setLED 0004                  __ramtop 0600                  __ptext0 7FB6  
                __ptext1 7FCC                  __ptext2 7FAC                  __ptext3 7FA8  
                __ptext4 7FA4    __size_of_configureLED 0004     end_of_initialization 7FB0  
             ??_resetLED 0001             _configureLED 7FA4               _shortDelay 7FCC  
              _PORTCbits 000F82                _TRISCbits 000F94              shortDelay@i 0001  
         __end_of_setLED 7FB0      start_initialization 7FB0         __CFG_OSC$INTIO67 000000  
               ??_setLED 0001              ?_shortDelay 0001        __size_of_resetLED 0004  
    __size_of_shortDelay 0034                 __Hrparam 0000                 __Lrparam 0000  
          __size_of_main 0016                 _resetLED 7FA8                 main@argc 0005  
               main@argv 0007             ??_shortDelay 0001       __end_of_shortDelay 8000  
